{"/Users/acielle/Downloads/rsschool/react/src/App.tsx": {"path":"/Users/acielle/Downloads/rsschool/react/src/App.tsx","statementMap":{"0":{"start":{"line":1,"column":0},"end":{"line":1,"column":41}},"1":{"start":{"line":2,"column":0},"end":{"line":2,"column":59}},"2":{"start":{"line":3,"column":0},"end":{"line":3,"column":42}},"3":{"start":{"line":4,"column":0},"end":{"line":4,"column":19}},"4":{"start":{"line":5,"column":0},"end":{"line":5,"column":45}},"5":{"start":{"line":6,"column":0},"end":{"line":6,"column":45}},"6":{"start":{"line":7,"column":0},"end":{"line":7,"column":48}},"7":{"start":{"line":8,"column":0},"end":{"line":8,"column":48}},"8":{"start":{"line":11,"column":13},"end":{"line":11,"column":49}},"9":{"start":{"line":13,"column":29},"end":{"line":88,"column":1}},"10":{"start":{"line":14,"column":28},"end":{"line":15,"column":null}},"11":{"start":{"line":17,"column":28},"end":{"line":17,"column":54}},"12":{"start":{"line":18,"column":38},"end":{"line":18,"column":63}},"13":{"start":{"line":19,"column":26},"end":{"line":20,"column":null}},"14":{"start":{"line":22,"column":42},"end":{"line":23,"column":null}},"15":{"start":{"line":25,"column":32},"end":{"line":26,"column":null}},"16":{"start":{"line":28,"column":36},"end":{"line":28,"column":66}},"17":{"start":{"line":30,"column":4},"end":{"line":30,"column":34}},"18":{"start":{"line":31,"column":42},"end":{"line":31,"column":59}},"19":{"start":{"line":33,"column":2},"end":{"line":40,"column":9}},"20":{"start":{"line":34,"column":4},"end":{"line":38,"column":7}},"21":{"start":{"line":42,"column":2},"end":{"line":55,"column":21}},"22":{"start":{"line":44,"column":6},"end":{"line":44,"column":26}},"23":{"start":{"line":46,"column":22},"end":{"line":46,"column":50}},"24":{"start":{"line":47,"column":36},"end":{"line":47,"column":49}},"25":{"start":{"line":49,"column":6},"end":{"line":49,"column":27}},"26":{"start":{"line":50,"column":6},"end":{"line":50,"column":33}},"27":{"start":{"line":51,"column":6},"end":{"line":51,"column":23}},"28":{"start":{"line":53,"column":4},"end":{"line":53,"column":16}},"29":{"start":{"line":57,"column":2},"end":{"line":87,"column":4}},"30":{"start":{"line":13,"column":13},"end":{"line":13,"column":29}},"31":{"start":{"line":90,"column":0},"end":{"line":90,"column":19}}},"fnMap":{"0":{"name":"(anonymous_7)","decl":{"start":{"line":13,"column":29},"end":{"line":13,"column":32}},"loc":{"start":{"line":13,"column":34},"end":{"line":88,"column":1}}},"1":{"name":"(anonymous_8)","decl":{"start":{"line":33,"column":12},"end":{"line":33,"column":15}},"loc":{"start":{"line":33,"column":17},"end":{"line":40,"column":3}}},"2":{"name":"(anonymous_9)","decl":{"start":{"line":42,"column":12},"end":{"line":42,"column":15}},"loc":{"start":{"line":42,"column":17},"end":{"line":55,"column":3}}},"3":{"name":"fetchData","decl":{"start":{"line":43,"column":19},"end":{"line":43,"column":28}},"loc":{"start":{"line":43,"column":28},"end":{"line":52,"column":5}}}},"branchMap":{"0":{"loc":{"start":{"line":15,"column":4},"end":{"line":15,"column":39}},"type":"binary-expr","locations":[{"start":{"line":15,"column":4},"end":{"line":15,"column":33}},{"start":{"line":15,"column":37},"end":{"line":15,"column":39}}]},"1":{"loc":{"start":{"line":20,"column":4},"end":{"line":20,"column":51}},"type":"binary-expr","locations":[{"start":{"line":20,"column":4},"end":{"line":20,"column":46}},{"start":{"line":20,"column":50},"end":{"line":20,"column":51}}]},"2":{"loc":{"start":{"line":23,"column":4},"end":{"line":23,"column":53}},"type":"binary-expr","locations":[{"start":{"line":23,"column":4},"end":{"line":23,"column":48}},{"start":{"line":23,"column":52},"end":{"line":23,"column":53}}]},"3":{"loc":{"start":{"line":26,"column":4},"end":{"line":26,"column":65}},"type":"binary-expr","locations":[{"start":{"line":26,"column":4},"end":{"line":26,"column":57}},{"start":{"line":26,"column":61},"end":{"line":26,"column":65}}]}},"s":{"0":6,"1":6,"2":6,"3":6,"4":6,"5":6,"6":6,"7":6,"8":6,"9":6,"10":0,"11":0,"12":0,"13":0,"14":0,"15":0,"16":0,"17":0,"18":0,"19":0,"20":0,"21":0,"22":0,"23":0,"24":0,"25":0,"26":0,"27":0,"28":0,"29":0,"30":6,"31":6},"f":{"0":0,"1":0,"2":0,"3":0},"b":{"0":[0,0],"1":[0,0],"2":[0,0],"3":[0,0]}}
,"/Users/acielle/Downloads/rsschool/react/src/components/card/card.tsx": {"path":"/Users/acielle/Downloads/rsschool/react/src/components/card/card.tsx","statementMap":{"0":{"start":{"line":1,"column":0},"end":{"line":1,"column":42}},"1":{"start":{"line":2,"column":0},"end":{"line":2,"column":64}},"2":{"start":{"line":3,"column":0},"end":{"line":3,"column":56}},"3":{"start":{"line":4,"column":0},"end":{"line":4,"column":52}},"4":{"start":{"line":7,"column":34},"end":{"line":29,"column":1}},"5":{"start":{"line":8,"column":46},"end":{"line":8,"column":69}},"6":{"start":{"line":9,"column":19},"end":{"line":9,"column":32}},"7":{"start":{"line":10,"column":25},"end":{"line":10,"column":42}},"8":{"start":{"line":12,"column":22},"end":{"line":19,"column":3}},"9":{"start":{"line":13,"column":4},"end":{"line":13,"column":31}},"10":{"start":{"line":14,"column":21},"end":{"line":14,"column":42}},"11":{"start":{"line":15,"column":4},"end":{"line":15,"column":26}},"12":{"start":{"line":16,"column":4},"end":{"line":16,"column":62}},"13":{"start":{"line":17,"column":4},"end":{"line":17,"column":47}},"14":{"start":{"line":18,"column":4},"end":{"line":18,"column":32}},"15":{"start":{"line":21,"column":2},"end":{"line":28,"column":4}},"16":{"start":{"line":31,"column":0},"end":{"line":31,"column":20}}},"fnMap":{"0":{"name":"(anonymous_0)","decl":{"start":{"line":7,"column":34},"end":{"line":7,"column":35}},"loc":{"start":{"line":7,"column":58},"end":{"line":29,"column":1}}},"1":{"name":"(anonymous_1)","decl":{"start":{"line":12,"column":22},"end":{"line":12,"column":27}},"loc":{"start":{"line":12,"column":33},"end":{"line":19,"column":3}}}},"branchMap":{},"s":{"0":6,"1":6,"2":6,"3":6,"4":6,"5":7,"6":7,"7":7,"8":7,"9":0,"10":0,"11":0,"12":0,"13":0,"14":0,"15":7,"16":6},"f":{"0":7,"1":0},"b":{}}
,"/Users/acielle/Downloads/rsschool/react/src/components/cards/cards.tsx": {"path":"/Users/acielle/Downloads/rsschool/react/src/components/cards/cards.tsx","statementMap":{"0":{"start":{"line":1,"column":0},"end":{"line":1,"column":42}},"1":{"start":{"line":2,"column":0},"end":{"line":2,"column":49}},"2":{"start":{"line":3,"column":0},"end":{"line":3,"column":22}},"3":{"start":{"line":4,"column":0},"end":{"line":4,"column":32}},"4":{"start":{"line":5,"column":0},"end":{"line":5,"column":52}},"5":{"start":{"line":6,"column":0},"end":{"line":6,"column":51}},"6":{"start":{"line":8,"column":24},"end":{"line":51,"column":1}},"7":{"start":{"line":9,"column":31},"end":{"line":9,"column":54}},"8":{"start":{"line":10,"column":25},"end":{"line":10,"column":42}},"9":{"start":{"line":12,"column":17},"end":{"line":32,"column":3}},"10":{"start":{"line":13,"column":4},"end":{"line":31,"column":6}},"11":{"start":{"line":16,"column":10},"end":{"line":16,"column":42}},"12":{"start":{"line":17,"column":10},"end":{"line":24,"column":12}},"13":{"start":{"line":34,"column":2},"end":{"line":48,"column":null}},"14":{"start":{"line":35,"column":4},"end":{"line":47,"column":6}},"15":{"start":{"line":50,"column":2},"end":{"line":50,"column":18}},"16":{"start":{"line":53,"column":0},"end":{"line":53,"column":21}}},"fnMap":{"0":{"name":"(anonymous_1)","decl":{"start":{"line":8,"column":24},"end":{"line":8,"column":27}},"loc":{"start":{"line":8,"column":29},"end":{"line":51,"column":1}}},"1":{"name":"(anonymous_2)","decl":{"start":{"line":12,"column":17},"end":{"line":12,"column":33}},"loc":{"start":{"line":12,"column":35},"end":{"line":32,"column":3}}},"2":{"name":"(anonymous_3)","decl":{"start":{"line":15,"column":19},"end":{"line":15,"column":20}},"loc":{"start":{"line":15,"column":28},"end":{"line":25,"column":9}}}},"branchMap":{"0":{"loc":{"start":{"line":13,"column":11},"end":{"line":30,"column":null}},"type":"cond-expr","locations":[{"start":{"line":14,"column":6},"end":{"line":25,"column":null}},{"start":{"line":28,"column":6},"end":{"line":29,"column":null}}]},"1":{"loc":{"start":{"line":34,"column":2},"end":{"line":48,"column":null}},"type":"if","locations":[{"start":{"line":34,"column":2},"end":{"line":48,"column":null}}]}},"s":{"0":6,"1":6,"2":6,"3":6,"4":6,"5":6,"6":6,"7":3,"8":3,"9":3,"10":3,"11":4,"12":4,"13":3,"14":0,"15":3,"16":6},"f":{"0":3,"1":3,"2":4},"b":{"0":[2,1],"1":[0]}}
,"/Users/acielle/Downloads/rsschool/react/src/components/details/details.tsx": {"path":"/Users/acielle/Downloads/rsschool/react/src/components/details/details.tsx","statementMap":{"0":{"start":{"line":1,"column":0},"end":{"line":1,"column":42}},"1":{"start":{"line":2,"column":0},"end":{"line":2,"column":49}},"2":{"start":{"line":3,"column":0},"end":{"line":3,"column":null}},"3":{"start":{"line":8,"column":0},"end":{"line":8,"column":52}},"4":{"start":{"line":10,"column":0},"end":{"line":10,"column":22}},"5":{"start":{"line":12,"column":26},"end":{"line":54,"column":1}},"6":{"start":{"line":13,"column":25},"end":{"line":13,"column":42}},"7":{"start":{"line":14,"column":31},"end":{"line":14,"column":54}},"8":{"start":{"line":15,"column":34},"end":{"line":15,"column":65}},"9":{"start":{"line":16,"column":19},"end":{"line":16,"column":32}},"10":{"start":{"line":18,"column":23},"end":{"line":22,"column":3}},"11":{"start":{"line":19,"column":4},"end":{"line":19,"column":21}},"12":{"start":{"line":20,"column":4},"end":{"line":20,"column":39}},"13":{"start":{"line":21,"column":4},"end":{"line":21,"column":34}},"14":{"start":{"line":24,"column":2},"end":{"line":53,"column":4}},"15":{"start":{"line":56,"column":0},"end":{"line":56,"column":23}}},"fnMap":{"0":{"name":"(anonymous_0)","decl":{"start":{"line":12,"column":26},"end":{"line":12,"column":29}},"loc":{"start":{"line":12,"column":31},"end":{"line":54,"column":1}}},"1":{"name":"(anonymous_1)","decl":{"start":{"line":18,"column":23},"end":{"line":18,"column":26}},"loc":{"start":{"line":18,"column":28},"end":{"line":22,"column":3}}}},"branchMap":{"0":{"loc":{"start":{"line":24,"column":9},"end":{"line":52,"column":null}},"type":"cond-expr","locations":[{"start":{"line":25,"column":4},"end":{"line":34,"column":null}},{"start":{"line":37,"column":4},"end":{"line":51,"column":null}}]}},"s":{"0":1,"1":1,"2":1,"3":1,"4":1,"5":1,"6":4,"7":4,"8":4,"9":4,"10":4,"11":1,"12":1,"13":1,"14":4,"15":1},"f":{"0":4,"1":1},"b":{"0":[1,3]}}
,"/Users/acielle/Downloads/rsschool/react/src/components/dropdown/dropdown.tsx": {"path":"/Users/acielle/Downloads/rsschool/react/src/components/dropdown/dropdown.tsx","statementMap":{"0":{"start":{"line":1,"column":0},"end":{"line":1,"column":52}},"1":{"start":{"line":2,"column":0},"end":{"line":2,"column":51}},"2":{"start":{"line":3,"column":0},"end":{"line":3,"column":52}},"3":{"start":{"line":6,"column":42},"end":{"line":36,"column":1}},"4":{"start":{"line":7,"column":30},"end":{"line":7,"column":47}},"5":{"start":{"line":9,"column":4},"end":{"line":9,"column":27}},"6":{"start":{"line":10,"column":46},"end":{"line":10,"column":68}},"7":{"start":{"line":12,"column":2},"end":{"line":35,"column":4}},"8":{"start":{"line":17,"column":8},"end":{"line":17,"column":50}},"9":{"start":{"line":18,"column":8},"end":{"line":18,"column":49}},"10":{"start":{"line":19,"column":8},"end":{"line":19,"column":20}},"11":{"start":{"line":20,"column":8},"end":{"line":24,"column":11}},"12":{"start":{"line":25,"column":8},"end":{"line":25,"column":61}},"13":{"start":{"line":26,"column":8},"end":{"line":26,"column":48}},"14":{"start":{"line":30,"column":8},"end":{"line":30,"column":28}},"15":{"start":{"line":38,"column":0},"end":{"line":38,"column":24}}},"fnMap":{"0":{"name":"(anonymous_0)","decl":{"start":{"line":6,"column":42},"end":{"line":6,"column":43}},"loc":{"start":{"line":6,"column":58},"end":{"line":36,"column":1}}},"1":{"name":"(anonymous_1)","decl":{"start":{"line":16,"column":16},"end":{"line":16,"column":17}},"loc":{"start":{"line":16,"column":22},"end":{"line":27,"column":7}}},"2":{"name":"(anonymous_2)","decl":{"start":{"line":29,"column":19},"end":{"line":29,"column":20}},"loc":{"start":{"line":30,"column":8},"end":{"line":30,"column":28}}}},"branchMap":{},"s":{"0":6,"1":6,"2":6,"3":6,"4":5,"5":5,"6":5,"7":5,"8":0,"9":0,"10":0,"11":0,"12":0,"13":0,"14":10,"15":6},"f":{"0":5,"1":0,"2":10},"b":{}}
,"/Users/acielle/Downloads/rsschool/react/src/components/error-page/errorPage.tsx": {"path":"/Users/acielle/Downloads/rsschool/react/src/components/error-page/errorPage.tsx","statementMap":{"0":{"start":{"line":3,"column":18},"end":{"line":5,"column":1}},"1":{"start":{"line":4,"column":2},"end":{"line":4,"column":65}},"2":{"start":{"line":7,"column":0},"end":{"line":7,"column":25}}},"fnMap":{"0":{"name":"(anonymous_0)","decl":{"start":{"line":3,"column":18},"end":{"line":3,"column":21}},"loc":{"start":{"line":3,"column":23},"end":{"line":5,"column":1}}}},"branchMap":{},"s":{"0":1,"1":1,"2":1},"f":{"0":1},"b":{}}
,"/Users/acielle/Downloads/rsschool/react/src/components/pages/pages.tsx": {"path":"/Users/acielle/Downloads/rsschool/react/src/components/pages/pages.tsx","statementMap":{"0":{"start":{"line":1,"column":0},"end":{"line":1,"column":42}},"1":{"start":{"line":2,"column":0},"end":{"line":2,"column":51}},"2":{"start":{"line":3,"column":0},"end":{"line":3,"column":52}},"3":{"start":{"line":4,"column":0},"end":{"line":4,"column":44}},"4":{"start":{"line":5,"column":0},"end":{"line":5,"column":22}},"5":{"start":{"line":7,"column":24},"end":{"line":94,"column":1}},"6":{"start":{"line":8,"column":30},"end":{"line":8,"column":47}},"7":{"start":{"line":10,"column":4},"end":{"line":10,"column":27}},"8":{"start":{"line":11,"column":18},"end":{"line":11,"column":25}},"9":{"start":{"line":12,"column":21},"end":{"line":12,"column":57}},"10":{"start":{"line":14,"column":2},"end":{"line":16,"column":null}},"11":{"start":{"line":15,"column":4},"end":{"line":15,"column":17}},"12":{"start":{"line":18,"column":2},"end":{"line":93,"column":4}},"13":{"start":{"line":25,"column":12},"end":{"line":25,"column":24}},"14":{"start":{"line":26,"column":12},"end":{"line":30,"column":15}},"15":{"start":{"line":31,"column":12},"end":{"line":31,"column":52}},"16":{"start":{"line":41,"column":12},"end":{"line":49,"column":null}},"17":{"start":{"line":42,"column":14},"end":{"line":42,"column":33}},"18":{"start":{"line":43,"column":14},"end":{"line":47,"column":17}},"19":{"start":{"line":48,"column":14},"end":{"line":48,"column":67}},"20":{"start":{"line":60,"column":12},"end":{"line":68,"column":null}},"21":{"start":{"line":61,"column":14},"end":{"line":61,"column":33}},"22":{"start":{"line":62,"column":14},"end":{"line":66,"column":17}},"23":{"start":{"line":67,"column":14},"end":{"line":67,"column":67}},"24":{"start":{"line":78,"column":12},"end":{"line":78,"column":33}},"25":{"start":{"line":79,"column":12},"end":{"line":83,"column":15}},"26":{"start":{"line":84,"column":12},"end":{"line":84,"column":67}},"27":{"start":{"line":96,"column":0},"end":{"line":96,"column":21}}},"fnMap":{"0":{"name":"(anonymous_1)","decl":{"start":{"line":7,"column":24},"end":{"line":7,"column":27}},"loc":{"start":{"line":7,"column":29},"end":{"line":94,"column":1}}},"1":{"name":"(anonymous_2)","decl":{"start":{"line":24,"column":19},"end":{"line":24,"column":22}},"loc":{"start":{"line":24,"column":24},"end":{"line":32,"column":11}}},"2":{"name":"(anonymous_3)","decl":{"start":{"line":40,"column":19},"end":{"line":40,"column":22}},"loc":{"start":{"line":40,"column":24},"end":{"line":50,"column":11}}},"3":{"name":"(anonymous_4)","decl":{"start":{"line":59,"column":19},"end":{"line":59,"column":22}},"loc":{"start":{"line":59,"column":24},"end":{"line":69,"column":11}}},"4":{"name":"(anonymous_5)","decl":{"start":{"line":77,"column":19},"end":{"line":77,"column":22}},"loc":{"start":{"line":77,"column":24},"end":{"line":85,"column":11}}}},"branchMap":{"0":{"loc":{"start":{"line":14,"column":2},"end":{"line":16,"column":null}},"type":"if","locations":[{"start":{"line":14,"column":2},"end":{"line":16,"column":null}}]},"1":{"loc":{"start":{"line":41,"column":12},"end":{"line":49,"column":null}},"type":"if","locations":[{"start":{"line":41,"column":12},"end":{"line":49,"column":null}}]},"2":{"loc":{"start":{"line":60,"column":12},"end":{"line":68,"column":null}},"type":"if","locations":[{"start":{"line":60,"column":12},"end":{"line":68,"column":null}}]}},"s":{"0":6,"1":6,"2":6,"3":6,"4":6,"5":6,"6":5,"7":5,"8":5,"9":5,"10":5,"11":0,"12":5,"13":0,"14":0,"15":0,"16":2,"17":2,"18":2,"19":2,"20":1,"21":1,"22":1,"23":1,"24":1,"25":1,"26":1,"27":6},"f":{"0":5,"1":0,"2":2,"3":1,"4":1},"b":{"0":[0],"1":[2],"2":[1]}}
,"/Users/acielle/Downloads/rsschool/react/src/components/search/search.tsx": {"path":"/Users/acielle/Downloads/rsschool/react/src/components/search/search.tsx","statementMap":{"0":{"start":{"line":1,"column":0},"end":{"line":1,"column":50}},"1":{"start":{"line":2,"column":0},"end":{"line":2,"column":51}},"2":{"start":{"line":3,"column":0},"end":{"line":3,"column":52}},"3":{"start":{"line":4,"column":0},"end":{"line":4,"column":22}},"4":{"start":{"line":6,"column":25},"end":{"line":46,"column":1}},"5":{"start":{"line":7,"column":53},"end":{"line":7,"column":76}},"6":{"start":{"line":8,"column":20},"end":{"line":8,"column":50}},"7":{"start":{"line":9,"column":30},"end":{"line":9,"column":47}},"8":{"start":{"line":11,"column":30},"end":{"line":22,"column":3}},"9":{"start":{"line":12,"column":4},"end":{"line":21,"column":null}},"10":{"start":{"line":13,"column":6},"end":{"line":13,"column":49}},"11":{"start":{"line":14,"column":6},"end":{"line":14,"column":69}},"12":{"start":{"line":15,"column":6},"end":{"line":15,"column":18}},"13":{"start":{"line":16,"column":6},"end":{"line":20,"column":9}},"14":{"start":{"line":24,"column":2},"end":{"line":45,"column":4}},"15":{"start":{"line":48,"column":0},"end":{"line":48,"column":22}}},"fnMap":{"0":{"name":"(anonymous_0)","decl":{"start":{"line":6,"column":25},"end":{"line":6,"column":28}},"loc":{"start":{"line":6,"column":30},"end":{"line":46,"column":1}}},"1":{"name":"(anonymous_1)","decl":{"start":{"line":11,"column":30},"end":{"line":11,"column":33}},"loc":{"start":{"line":11,"column":35},"end":{"line":22,"column":3}}}},"branchMap":{"0":{"loc":{"start":{"line":12,"column":4},"end":{"line":21,"column":null}},"type":"if","locations":[{"start":{"line":12,"column":4},"end":{"line":21,"column":null}}]},"1":{"loc":{"start":{"line":33,"column":24},"end":{"line":33,"column":62}},"type":"binary-expr","locations":[{"start":{"line":33,"column":24},"end":{"line":33,"column":53}},{"start":{"line":33,"column":57},"end":{"line":33,"column":62}}]}},"s":{"0":6,"1":6,"2":6,"3":6,"4":6,"5":3,"6":3,"7":3,"8":3,"9":1,"10":1,"11":1,"12":1,"13":1,"14":3,"15":6},"f":{"0":3,"1":1},"b":{"0":[1],"1":[3,3]}}
,"/Users/acielle/Downloads/rsschool/react/src/context/context.ts": {"path":"/Users/acielle/Downloads/rsschool/react/src/context/context.ts","statementMap":{"0":{"start":{"line":1,"column":0},"end":{"line":1,"column":38}},"1":{"start":{"line":4,"column":13},"end":{"line":4,"column":62}}},"fnMap":{},"branchMap":{},"s":{"0":6,"1":6},"f":{},"b":{}}
}
