{"/Users/acielle/Downloads/rsschool/react/src/App.tsx": {"path":"/Users/acielle/Downloads/rsschool/react/src/App.tsx","statementMap":{"0":{"start":{"line":1,"column":0},"end":{"line":1,"column":40}},"1":{"start":{"line":2,"column":0},"end":{"line":2,"column":42}},"2":{"start":{"line":3,"column":0},"end":{"line":3,"column":19}},"3":{"start":{"line":4,"column":0},"end":{"line":4,"column":45}},"4":{"start":{"line":5,"column":0},"end":{"line":5,"column":45}},"5":{"start":{"line":6,"column":0},"end":{"line":6,"column":48}},"6":{"start":{"line":7,"column":0},"end":{"line":7,"column":48}},"7":{"start":{"line":10,"column":13},"end":{"line":10,"column":49}},"8":{"start":{"line":12,"column":29},"end":{"line":58,"column":1}},"9":{"start":{"line":13,"column":28},"end":{"line":14,"column":null}},"10":{"start":{"line":16,"column":28},"end":{"line":16,"column":48}},"11":{"start":{"line":17,"column":38},"end":{"line":17,"column":57}},"12":{"start":{"line":18,"column":26},"end":{"line":19,"column":null}},"13":{"start":{"line":21,"column":42},"end":{"line":22,"column":null}},"14":{"start":{"line":24,"column":32},"end":{"line":25,"column":null}},"15":{"start":{"line":27,"column":36},"end":{"line":27,"column":60}},"16":{"start":{"line":29,"column":2},"end":{"line":57,"column":4}},"17":{"start":{"line":12,"column":13},"end":{"line":12,"column":29}},"18":{"start":{"line":60,"column":0},"end":{"line":60,"column":19}}},"fnMap":{"0":{"name":"(anonymous_1)","decl":{"start":{"line":12,"column":29},"end":{"line":12,"column":32}},"loc":{"start":{"line":12,"column":34},"end":{"line":58,"column":1}}}},"branchMap":{"0":{"loc":{"start":{"line":14,"column":4},"end":{"line":14,"column":39}},"type":"binary-expr","locations":[{"start":{"line":14,"column":4},"end":{"line":14,"column":33}},{"start":{"line":14,"column":37},"end":{"line":14,"column":39}}]},"1":{"loc":{"start":{"line":19,"column":4},"end":{"line":19,"column":51}},"type":"binary-expr","locations":[{"start":{"line":19,"column":4},"end":{"line":19,"column":46}},{"start":{"line":19,"column":50},"end":{"line":19,"column":51}}]},"2":{"loc":{"start":{"line":22,"column":4},"end":{"line":22,"column":53}},"type":"binary-expr","locations":[{"start":{"line":22,"column":4},"end":{"line":22,"column":48}},{"start":{"line":22,"column":52},"end":{"line":22,"column":53}}]},"3":{"loc":{"start":{"line":25,"column":4},"end":{"line":25,"column":65}},"type":"binary-expr","locations":[{"start":{"line":25,"column":4},"end":{"line":25,"column":57}},{"start":{"line":25,"column":61},"end":{"line":25,"column":65}}]}},"s":{"0":1,"1":1,"2":1,"3":1,"4":1,"5":1,"6":1,"7":1,"8":1,"9":0,"10":0,"11":0,"12":0,"13":0,"14":0,"15":0,"16":0,"17":1,"18":1},"f":{"0":0},"b":{"0":[0,0],"1":[0,0],"2":[0,0],"3":[0,0]}}
,"/Users/acielle/Downloads/rsschool/react/src/api/getCards.ts": {"path":"/Users/acielle/Downloads/rsschool/react/src/api/getCards.ts","statementMap":{"0":{"start":{"line":6,"column":22},"end":{"line":6,"column":24}},"1":{"start":{"line":7,"column":27},"end":{"line":7,"column":28}},"2":{"start":{"line":9,"column":2},"end":{"line":27,"column":null}},"3":{"start":{"line":10,"column":19},"end":{"line":10,"column":65}},"4":{"start":{"line":11,"column":4},"end":{"line":11,"column":38}},"5":{"start":{"line":13,"column":21},"end":{"line":13,"column":51}},"6":{"start":{"line":14,"column":22},"end":{"line":14,"column":43}},"7":{"start":{"line":16,"column":4},"end":{"line":16,"column":38}},"8":{"start":{"line":18,"column":4},"end":{"line":24,"column":7}},"9":{"start":{"line":19,"column":6},"end":{"line":23,"column":8}},"10":{"start":{"line":26,"column":4},"end":{"line":26,"column":25}},"11":{"start":{"line":29,"column":2},"end":{"line":29,"column":31}},"12":{"start":{"line":3,"column":0},"end":{"line":3,"column":7}}},"fnMap":{"0":{"name":"getCards","decl":{"start":{"line":3,"column":22},"end":{"line":3,"column":30}},"loc":{"start":{"line":4,"column":25},"end":{"line":30,"column":1}}},"1":{"name":"(anonymous_1)","decl":{"start":{"line":18,"column":37},"end":{"line":18,"column":38}},"loc":{"start":{"line":18,"column":52},"end":{"line":24,"column":5}}}},"branchMap":{},"s":{"0":0,"1":0,"2":0,"3":0,"4":0,"5":0,"6":0,"7":0,"8":0,"9":0,"10":0,"11":0,"12":1},"f":{"0":0,"1":0},"b":{}}
,"/Users/acielle/Downloads/rsschool/react/src/api/getDetailedCard.ts": {"path":"/Users/acielle/Downloads/rsschool/react/src/api/getDetailedCard.ts","statementMap":{"0":{"start":{"line":4,"column":13},"end":{"line":4,"column":17}},"1":{"start":{"line":6,"column":2},"end":{"line":32,"column":null}},"2":{"start":{"line":7,"column":21},"end":{"line":7,"column":76}},"3":{"start":{"line":8,"column":21},"end":{"line":8,"column":42}},"4":{"start":{"line":9,"column":4},"end":{"line":9,"column":14}},"5":{"start":{"line":10,"column":4},"end":{"line":29,"column":7}},"6":{"start":{"line":31,"column":4},"end":{"line":31,"column":25}},"7":{"start":{"line":34,"column":2},"end":{"line":34,"column":28}},"8":{"start":{"line":3,"column":0},"end":{"line":3,"column":7}}},"fnMap":{"0":{"name":"getCardById","decl":{"start":{"line":3,"column":22},"end":{"line":3,"column":33}},"loc":{"start":{"line":3,"column":44},"end":{"line":35,"column":1}}}},"branchMap":{},"s":{"0":0,"1":0,"2":0,"3":0,"4":0,"5":0,"6":0,"7":0,"8":1},"f":{"0":0},"b":{}}
,"/Users/acielle/Downloads/rsschool/react/src/components/card/card.tsx": {"path":"/Users/acielle/Downloads/rsschool/react/src/components/card/card.tsx","statementMap":{"0":{"start":{"line":1,"column":0},"end":{"line":1,"column":42}},"1":{"start":{"line":2,"column":0},"end":{"line":2,"column":47}},"2":{"start":{"line":3,"column":0},"end":{"line":3,"column":56}},"3":{"start":{"line":4,"column":0},"end":{"line":4,"column":52}},"4":{"start":{"line":8,"column":34},"end":{"line":25,"column":1}},"5":{"start":{"line":9,"column":25},"end":{"line":9,"column":48}},"6":{"start":{"line":10,"column":19},"end":{"line":10,"column":32}},"7":{"start":{"line":12,"column":22},"end":{"line":17,"column":3}},"8":{"start":{"line":13,"column":21},"end":{"line":13,"column":42}},"9":{"start":{"line":14,"column":4},"end":{"line":14,"column":26}},"10":{"start":{"line":15,"column":4},"end":{"line":15,"column":62}},"11":{"start":{"line":16,"column":4},"end":{"line":16,"column":31}},"12":{"start":{"line":19,"column":2},"end":{"line":24,"column":4}},"13":{"start":{"line":27,"column":0},"end":{"line":27,"column":20}}},"fnMap":{"0":{"name":"(anonymous_0)","decl":{"start":{"line":8,"column":34},"end":{"line":8,"column":35}},"loc":{"start":{"line":8,"column":58},"end":{"line":25,"column":1}}},"1":{"name":"(anonymous_1)","decl":{"start":{"line":12,"column":22},"end":{"line":12,"column":27}},"loc":{"start":{"line":12,"column":33},"end":{"line":17,"column":3}}}},"branchMap":{},"s":{"0":1,"1":1,"2":1,"3":1,"4":1,"5":4,"6":4,"7":4,"8":0,"9":0,"10":0,"11":0,"12":4,"13":1},"f":{"0":4,"1":0},"b":{}}
,"/Users/acielle/Downloads/rsschool/react/src/components/cards/cards.tsx": {"path":"/Users/acielle/Downloads/rsschool/react/src/components/cards/cards.tsx","statementMap":{"0":{"start":{"line":1,"column":0},"end":{"line":1,"column":42}},"1":{"start":{"line":2,"column":0},"end":{"line":2,"column":49}},"2":{"start":{"line":3,"column":0},"end":{"line":3,"column":22}},"3":{"start":{"line":4,"column":0},"end":{"line":4,"column":32}},"4":{"start":{"line":5,"column":0},"end":{"line":5,"column":52}},"5":{"start":{"line":7,"column":24},"end":{"line":49,"column":1}},"6":{"start":{"line":8,"column":31},"end":{"line":8,"column":54}},"7":{"start":{"line":10,"column":17},"end":{"line":29,"column":3}},"8":{"start":{"line":11,"column":4},"end":{"line":28,"column":6}},"9":{"start":{"line":14,"column":10},"end":{"line":21,"column":12}},"10":{"start":{"line":31,"column":2},"end":{"line":46,"column":null}},"11":{"start":{"line":32,"column":4},"end":{"line":45,"column":6}},"12":{"start":{"line":48,"column":2},"end":{"line":48,"column":18}},"13":{"start":{"line":51,"column":0},"end":{"line":51,"column":21}}},"fnMap":{"0":{"name":"(anonymous_1)","decl":{"start":{"line":7,"column":24},"end":{"line":7,"column":27}},"loc":{"start":{"line":7,"column":29},"end":{"line":49,"column":1}}},"1":{"name":"(anonymous_2)","decl":{"start":{"line":10,"column":17},"end":{"line":10,"column":33}},"loc":{"start":{"line":10,"column":35},"end":{"line":29,"column":3}}},"2":{"name":"(anonymous_3)","decl":{"start":{"line":13,"column":19},"end":{"line":13,"column":20}},"loc":{"start":{"line":13,"column":28},"end":{"line":22,"column":9}}}},"branchMap":{"0":{"loc":{"start":{"line":11,"column":11},"end":{"line":27,"column":null}},"type":"cond-expr","locations":[{"start":{"line":12,"column":6},"end":{"line":22,"column":null}},{"start":{"line":25,"column":6},"end":{"line":26,"column":null}}]},"1":{"loc":{"start":{"line":31,"column":2},"end":{"line":46,"column":null}},"type":"if","locations":[{"start":{"line":31,"column":2},"end":{"line":46,"column":null}}]}},"s":{"0":1,"1":1,"2":1,"3":1,"4":1,"5":1,"6":3,"7":3,"8":3,"9":4,"10":3,"11":0,"12":3,"13":1},"f":{"0":3,"1":3,"2":4},"b":{"0":[2,1],"1":[0]}}
,"/Users/acielle/Downloads/rsschool/react/src/components/dropdown/dropdown.tsx": {"path":"/Users/acielle/Downloads/rsschool/react/src/components/dropdown/dropdown.tsx","statementMap":{"0":{"start":{"line":1,"column":0},"end":{"line":1,"column":52}},"1":{"start":{"line":2,"column":0},"end":{"line":2,"column":52}},"2":{"start":{"line":5,"column":42},"end":{"line":29,"column":1}},"3":{"start":{"line":6,"column":53},"end":{"line":6,"column":76}},"4":{"start":{"line":7,"column":46},"end":{"line":7,"column":68}},"5":{"start":{"line":9,"column":2},"end":{"line":28,"column":4}},"6":{"start":{"line":14,"column":8},"end":{"line":14,"column":36}},"7":{"start":{"line":15,"column":8},"end":{"line":15,"column":50}},"8":{"start":{"line":16,"column":8},"end":{"line":16,"column":49}},"9":{"start":{"line":17,"column":8},"end":{"line":17,"column":20}},"10":{"start":{"line":18,"column":8},"end":{"line":18,"column":61}},"11":{"start":{"line":19,"column":8},"end":{"line":19,"column":48}},"12":{"start":{"line":23,"column":8},"end":{"line":23,"column":28}},"13":{"start":{"line":31,"column":0},"end":{"line":31,"column":24}}},"fnMap":{"0":{"name":"(anonymous_0)","decl":{"start":{"line":5,"column":42},"end":{"line":5,"column":43}},"loc":{"start":{"line":5,"column":58},"end":{"line":29,"column":1}}},"1":{"name":"(anonymous_1)","decl":{"start":{"line":13,"column":16},"end":{"line":13,"column":17}},"loc":{"start":{"line":13,"column":22},"end":{"line":20,"column":7}}},"2":{"name":"(anonymous_2)","decl":{"start":{"line":22,"column":19},"end":{"line":22,"column":20}},"loc":{"start":{"line":23,"column":8},"end":{"line":23,"column":28}}}},"branchMap":{},"s":{"0":1,"1":1,"2":1,"3":0,"4":0,"5":0,"6":0,"7":0,"8":0,"9":0,"10":0,"11":0,"12":0,"13":1},"f":{"0":0,"1":0,"2":0},"b":{}}
,"/Users/acielle/Downloads/rsschool/react/src/components/error-button/errorButton.tsx": {"path":"/Users/acielle/Downloads/rsschool/react/src/components/error-button/errorButton.tsx","statementMap":{"0":{"start":{"line":1,"column":0},"end":{"line":1,"column":40}},"1":{"start":{"line":3,"column":30},"end":{"line":20,"column":1}},"2":{"start":{"line":4,"column":31},"end":{"line":4,"column":55}},"3":{"start":{"line":6,"column":2},"end":{"line":8,"column":null}},"4":{"start":{"line":7,"column":4},"end":{"line":7,"column":44}},"5":{"start":{"line":10,"column":2},"end":{"line":19,"column":4}},"6":{"start":{"line":14,"column":8},"end":{"line":14,"column":23}},"7":{"start":{"line":22,"column":0},"end":{"line":22,"column":27}}},"fnMap":{"0":{"name":"(anonymous_0)","decl":{"start":{"line":3,"column":30},"end":{"line":3,"column":33}},"loc":{"start":{"line":3,"column":35},"end":{"line":20,"column":1}}},"1":{"name":"(anonymous_1)","decl":{"start":{"line":13,"column":15},"end":{"line":13,"column":18}},"loc":{"start":{"line":13,"column":20},"end":{"line":15,"column":7}}}},"branchMap":{"0":{"loc":{"start":{"line":6,"column":2},"end":{"line":8,"column":null}},"type":"if","locations":[{"start":{"line":6,"column":2},"end":{"line":8,"column":null}}]}},"s":{"0":1,"1":1,"2":0,"3":0,"4":0,"5":0,"6":0,"7":1},"f":{"0":0,"1":0},"b":{"0":[0]}}
,"/Users/acielle/Downloads/rsschool/react/src/components/pages/pages.tsx": {"path":"/Users/acielle/Downloads/rsschool/react/src/components/pages/pages.tsx","statementMap":{"0":{"start":{"line":1,"column":0},"end":{"line":1,"column":42}},"1":{"start":{"line":2,"column":0},"end":{"line":2,"column":52}},"2":{"start":{"line":3,"column":0},"end":{"line":3,"column":44}},"3":{"start":{"line":4,"column":0},"end":{"line":4,"column":22}},"4":{"start":{"line":6,"column":24},"end":{"line":68,"column":1}},"5":{"start":{"line":8,"column":4},"end":{"line":8,"column":27}},"6":{"start":{"line":9,"column":18},"end":{"line":9,"column":25}},"7":{"start":{"line":10,"column":21},"end":{"line":10,"column":57}},"8":{"start":{"line":12,"column":2},"end":{"line":14,"column":null}},"9":{"start":{"line":13,"column":4},"end":{"line":13,"column":17}},"10":{"start":{"line":16,"column":2},"end":{"line":67,"column":4}},"11":{"start":{"line":22,"column":12},"end":{"line":22,"column":24}},"12":{"start":{"line":23,"column":12},"end":{"line":23,"column":52}},"13":{"start":{"line":32,"column":12},"end":{"line":35,"column":null}},"14":{"start":{"line":33,"column":14},"end":{"line":33,"column":33}},"15":{"start":{"line":34,"column":14},"end":{"line":34,"column":67}},"16":{"start":{"line":45,"column":12},"end":{"line":48,"column":null}},"17":{"start":{"line":46,"column":14},"end":{"line":46,"column":33}},"18":{"start":{"line":47,"column":14},"end":{"line":47,"column":67}},"19":{"start":{"line":57,"column":12},"end":{"line":57,"column":33}},"20":{"start":{"line":58,"column":12},"end":{"line":58,"column":67}},"21":{"start":{"line":70,"column":0},"end":{"line":70,"column":21}}},"fnMap":{"0":{"name":"(anonymous_1)","decl":{"start":{"line":6,"column":24},"end":{"line":6,"column":27}},"loc":{"start":{"line":6,"column":29},"end":{"line":68,"column":1}}},"1":{"name":"(anonymous_2)","decl":{"start":{"line":21,"column":19},"end":{"line":21,"column":22}},"loc":{"start":{"line":21,"column":24},"end":{"line":24,"column":11}}},"2":{"name":"(anonymous_3)","decl":{"start":{"line":31,"column":19},"end":{"line":31,"column":22}},"loc":{"start":{"line":31,"column":24},"end":{"line":36,"column":11}}},"3":{"name":"(anonymous_4)","decl":{"start":{"line":44,"column":19},"end":{"line":44,"column":22}},"loc":{"start":{"line":44,"column":24},"end":{"line":49,"column":11}}},"4":{"name":"(anonymous_5)","decl":{"start":{"line":56,"column":19},"end":{"line":56,"column":22}},"loc":{"start":{"line":56,"column":24},"end":{"line":59,"column":11}}}},"branchMap":{"0":{"loc":{"start":{"line":12,"column":2},"end":{"line":14,"column":null}},"type":"if","locations":[{"start":{"line":12,"column":2},"end":{"line":14,"column":null}}]},"1":{"loc":{"start":{"line":32,"column":12},"end":{"line":35,"column":null}},"type":"if","locations":[{"start":{"line":32,"column":12},"end":{"line":35,"column":null}}]},"2":{"loc":{"start":{"line":45,"column":12},"end":{"line":48,"column":null}},"type":"if","locations":[{"start":{"line":45,"column":12},"end":{"line":48,"column":null}}]}},"s":{"0":1,"1":1,"2":1,"3":1,"4":1,"5":0,"6":0,"7":0,"8":0,"9":0,"10":0,"11":0,"12":0,"13":0,"14":0,"15":0,"16":0,"17":0,"18":0,"19":0,"20":0,"21":1},"f":{"0":0,"1":0,"2":0,"3":0,"4":0},"b":{"0":[0],"1":[0],"2":[0]}}
,"/Users/acielle/Downloads/rsschool/react/src/components/search/search.tsx": {"path":"/Users/acielle/Downloads/rsschool/react/src/components/search/search.tsx","statementMap":{"0":{"start":{"line":1,"column":0},"end":{"line":1,"column":61}},"1":{"start":{"line":2,"column":0},"end":{"line":2,"column":51}},"2":{"start":{"line":3,"column":0},"end":{"line":3,"column":46}},"3":{"start":{"line":4,"column":0},"end":{"line":4,"column":52}},"4":{"start":{"line":5,"column":0},"end":{"line":5,"column":54}},"5":{"start":{"line":6,"column":0},"end":{"line":6,"column":22}},"6":{"start":{"line":8,"column":25},"end":{"line":69,"column":1}},"7":{"start":{"line":9,"column":42},"end":{"line":9,"column":59}},"8":{"start":{"line":18,"column":6},"end":{"line":18,"column":29}},"9":{"start":{"line":19,"column":20},"end":{"line":19,"column":50}},"10":{"start":{"line":21,"column":2},"end":{"line":27,"column":51}},"11":{"start":{"line":22,"column":4},"end":{"line":26,"column":7}},"12":{"start":{"line":29,"column":2},"end":{"line":42,"column":21}},"13":{"start":{"line":31,"column":6},"end":{"line":31,"column":26}},"14":{"start":{"line":33,"column":22},"end":{"line":33,"column":50}},"15":{"start":{"line":34,"column":36},"end":{"line":34,"column":49}},"16":{"start":{"line":36,"column":6},"end":{"line":36,"column":27}},"17":{"start":{"line":37,"column":6},"end":{"line":37,"column":33}},"18":{"start":{"line":38,"column":6},"end":{"line":38,"column":23}},"19":{"start":{"line":40,"column":4},"end":{"line":40,"column":16}},"20":{"start":{"line":44,"column":30},"end":{"line":49,"column":3}},"21":{"start":{"line":45,"column":4},"end":{"line":48,"column":null}},"22":{"start":{"line":46,"column":6},"end":{"line":46,"column":49}},"23":{"start":{"line":47,"column":6},"end":{"line":47,"column":69}},"24":{"start":{"line":51,"column":2},"end":{"line":68,"column":4}},"25":{"start":{"line":71,"column":0},"end":{"line":71,"column":22}}},"fnMap":{"0":{"name":"(anonymous_1)","decl":{"start":{"line":8,"column":25},"end":{"line":8,"column":28}},"loc":{"start":{"line":8,"column":30},"end":{"line":69,"column":1}}},"1":{"name":"(anonymous_2)","decl":{"start":{"line":21,"column":12},"end":{"line":21,"column":15}},"loc":{"start":{"line":21,"column":17},"end":{"line":27,"column":3}}},"2":{"name":"(anonymous_3)","decl":{"start":{"line":29,"column":12},"end":{"line":29,"column":15}},"loc":{"start":{"line":29,"column":17},"end":{"line":42,"column":3}}},"3":{"name":"fetchData","decl":{"start":{"line":30,"column":19},"end":{"line":30,"column":28}},"loc":{"start":{"line":30,"column":28},"end":{"line":39,"column":5}}},"4":{"name":"(anonymous_5)","decl":{"start":{"line":44,"column":30},"end":{"line":44,"column":33}},"loc":{"start":{"line":44,"column":35},"end":{"line":49,"column":3}}}},"branchMap":{"0":{"loc":{"start":{"line":45,"column":4},"end":{"line":48,"column":null}},"type":"if","locations":[{"start":{"line":45,"column":4},"end":{"line":48,"column":null}}]}},"s":{"0":1,"1":1,"2":1,"3":1,"4":1,"5":1,"6":1,"7":0,"8":0,"9":0,"10":0,"11":0,"12":0,"13":0,"14":0,"15":0,"16":0,"17":0,"18":0,"19":0,"20":0,"21":0,"22":0,"23":0,"24":0,"25":1},"f":{"0":0,"1":0,"2":0,"3":0,"4":0},"b":{"0":[0]}}
,"/Users/acielle/Downloads/rsschool/react/src/context/context.ts": {"path":"/Users/acielle/Downloads/rsschool/react/src/context/context.ts","statementMap":{"0":{"start":{"line":1,"column":0},"end":{"line":1,"column":38}},"1":{"start":{"line":4,"column":13},"end":{"line":4,"column":62}}},"fnMap":{},"branchMap":{},"s":{"0":1,"1":1},"f":{},"b":{}}
}
