TN:
SF:src/App.tsx
FN:12,(anonymous_1)
FN:13,(anonymous_2)
FN:14,(anonymous_3)
FN:15,(anonymous_4)
FN:16,(anonymous_5)
FN:21,(anonymous_6)
FNF:6
FNH:0
FNDA:0,(anonymous_1)
FNDA:0,(anonymous_2)
FNDA:0,(anonymous_3)
FNDA:0,(anonymous_4)
FNDA:0,(anonymous_5)
FNDA:0,(anonymous_6)
DA:1,1
DA:2,1
DA:3,1
DA:4,1
DA:5,1
DA:6,1
DA:7,1
DA:8,1
DA:10,1
DA:12,1
DA:13,0
DA:14,0
DA:15,0
DA:16,0
DA:17,0
DA:18,0
DA:19,0
DA:21,0
DA:22,0
DA:29,0
DA:34,0
DA:36,0
DA:48,1
LF:23
LH:11
BRDA:30,0,0,0
BRDA:30,0,1,0
BRDA:31,1,0,0
BRDA:31,1,1,0
BRDA:32,2,0,0
BRDA:32,2,1,0
BRDA:40,3,0,0
BRDA:40,3,1,0
BRDA:41,4,0,0
BRDA:41,4,1,0
BRF:10
BRH:0
end_of_record
TN:
SF:src/components/card/card.tsx
FN:7,(anonymous_0)
FN:13,(anonymous_1)
FNF:2
FNH:1
FNDA:11,(anonymous_0)
FNDA:0,(anonymous_1)
DA:2,3
DA:3,3
DA:4,3
DA:7,3
DA:8,11
DA:9,11
DA:10,11
DA:11,11
DA:13,11
DA:14,0
DA:15,0
DA:18,11
DA:28,3
LF:13
LH:11
BRF:0
BRH:0
end_of_record
TN:
SF:src/components/cards/cards.tsx
FN:9,(anonymous_1)
FN:11,(anonymous_2)
FN:13,(anonymous_3)
FN:17,(anonymous_4)
FNF:4
FNH:4
FNDA:3,(anonymous_1)
FNDA:6,(anonymous_2)
FNDA:2,(anonymous_3)
FNDA:10,(anonymous_4)
DA:2,2
DA:4,2
DA:5,2
DA:6,2
DA:7,2
DA:9,2
DA:10,3
DA:11,6
DA:13,3
DA:14,2
DA:15,2
DA:18,10
DA:19,10
DA:37,3
DA:38,1
DA:53,2
DA:56,2
LF:17
LH:17
BRDA:15,0,0,1
BRDA:15,0,1,1
BRDA:37,1,0,1
BRF:3
BRH:3
end_of_record
TN:
SF:src/components/details/details.tsx
FN:14,(anonymous_0)
FN:21,(anonymous_1)
FN:26,(anonymous_2)
FNF:3
FNH:3
FNDA:9,(anonymous_0)
FNDA:7,(anonymous_1)
FNDA:1,(anonymous_2)
DA:1,1
DA:2,1
DA:3,1
DA:8,1
DA:9,1
DA:10,1
DA:12,1
DA:14,1
DA:15,9
DA:16,9
DA:17,9
DA:18,9
DA:19,9
DA:20,9
DA:21,9
DA:22,7
DA:26,9
DA:27,1
DA:30,9
DA:64,1
LF:20
LH:20
BRDA:30,0,0,4
BRDA:30,0,1,5
BRF:2
BRH:2
end_of_record
TN:
SF:src/components/dropdown/dropdown.tsx
FN:9,(anonymous_0)
FN:11,(anonymous_1)
FN:12,(anonymous_2)
FN:23,(anonymous_3)
FN:34,(anonymous_4)
FNF:5
FNH:4
FNDA:2,(anonymous_0)
FNDA:5,(anonymous_1)
FNDA:5,(anonymous_2)
FNDA:0,(anonymous_3)
FNDA:4,(anonymous_4)
DA:1,2
DA:2,2
DA:3,2
DA:4,2
DA:5,2
DA:6,2
DA:9,2
DA:10,2
DA:11,5
DA:12,5
DA:13,2
DA:14,2
DA:15,2
DA:17,2
DA:19,2
DA:24,0
DA:25,0
DA:26,0
DA:27,0
DA:35,4
DA:43,2
LF:21
LH:17
BRF:0
BRH:0
end_of_record
TN:
SF:src/components/error-page/errorPage.tsx
FN:3,(anonymous_0)
FNF:1
FNH:1
FNDA:1,(anonymous_0)
DA:3,1
DA:4,1
DA:7,1
LF:3
LH:3
BRF:0
BRH:0
end_of_record
TN:
SF:src/components/pages/pages.tsx
FN:10,(anonymous_1)
FN:12,(anonymous_2)
FN:13,(anonymous_3)
FN:14,(anonymous_4)
FN:19,(anonymous_5)
FN:31,(anonymous_6)
FN:46,(anonymous_7)
FN:64,(anonymous_8)
FN:81,(anonymous_9)
FNF:9
FNH:6
FNDA:3,(anonymous_1)
FNDA:7,(anonymous_2)
FNDA:7,(anonymous_3)
FNDA:7,(anonymous_4)
FNDA:7,(anonymous_5)
FNDA:0,(anonymous_6)
FNDA:0,(anonymous_7)
FNDA:1,(anonymous_8)
FNDA:0,(anonymous_9)
DA:2,2
DA:3,2
DA:4,2
DA:5,2
DA:7,2
DA:8,2
DA:10,2
DA:11,3
DA:12,7
DA:13,7
DA:14,7
DA:15,3
DA:16,3
DA:17,3
DA:18,3
DA:19,7
DA:21,3
DA:22,1
DA:25,2
DA:32,0
DA:33,0
DA:47,0
DA:48,0
DA:49,0
DA:65,1
DA:66,1
DA:67,1
DA:82,0
DA:83,0
DA:99,2
LF:30
LH:23
BRDA:21,0,0,1
BRDA:47,1,0,0
BRDA:65,2,0,1
BRF:3
BRH:2
end_of_record
TN:
SF:src/components/search/search.tsx
FN:8,(anonymous_0)
FN:9,(anonymous_1)
FN:16,(anonymous_2)
FNF:3
FNH:2
FNDA:1,(anonymous_0)
FNDA:2,(anonymous_1)
FNDA:0,(anonymous_2)
DA:1,2
DA:2,2
DA:3,2
DA:4,2
DA:5,2
DA:6,2
DA:8,2
DA:9,2
DA:10,1
DA:11,1
DA:12,1
DA:14,1
DA:16,1
DA:17,0
DA:18,0
DA:19,0
DA:23,1
DA:47,2
LF:18
LH:15
BRDA:17,0,0,0
BRF:1
BRH:0
end_of_record
TN:
SF:src/constants/constants.ts
FN:5,(anonymous_0)
FNF:1
FNH:1
FNDA:6,(anonymous_0)
DA:1,6
DA:3,6
DA:5,6
DA:6,6
DA:7,6
LF:5
LH:5
BRDA:5,0,0,6
BRDA:5,0,1,6
BRF:2
BRH:2
end_of_record
TN:
SF:src/hooks/hooks.ts
FN:4,(anonymous_0)
FNF:1
FNH:1
FNDA:26,(anonymous_0)
DA:1,6
DA:4,26
DA:6,6
LF:3
LH:3
BRF:0
BRH:0
end_of_record
TN:
SF:src/services/cardsService.ts
FN:7,(anonymous_0)
FN:12,(anonymous_1)
FN:25,(anonymous_2)
FNF:3
FNH:2
FNDA:6,(anonymous_0)
FNDA:0,(anonymous_1)
FNDA:3,(anonymous_2)
DA:1,6
DA:4,6
DA:7,6
DA:13,0
DA:14,0
DA:26,3
DA:27,3
DA:35,6
LF:8
LH:6
BRF:0
BRH:0
end_of_record
TN:
SF:src/store/store.ts
FN:35,(anonymous_1)
FN:39,(anonymous_2)
FNF:2
FNH:2
FNDA:5,(anonymous_1)
FNDA:5,(anonymous_2)
DA:1,5
DA:6,5
DA:7,5
DA:8,5
DA:9,5
DA:10,5
DA:11,5
DA:12,5
DA:13,5
DA:14,5
DA:15,5
DA:17,5
DA:28,5
DA:33,5
DA:35,5
DA:36,5
DA:40,5
LF:17
LH:17
BRF:0
BRH:0
end_of_record
TN:
SF:src/store/reducers/cardFlagValueSlice.ts
FN:15,(anonymous_0)
FNF:1
FNH:1
FNDA:7,(anonymous_0)
DA:1,5
DA:7,5
DA:11,5
DA:16,7
DA:21,5
DA:23,5
LF:6
LH:6
BRF:0
BRH:0
end_of_record
TN:
SF:src/store/reducers/cardIdValueSlice.ts
FN:15,(anonymous_0)
FNF:1
FNH:0
FNDA:0,(anonymous_0)
DA:1,6
DA:7,6
DA:11,6
DA:16,0
DA:21,6
LF:5
LH:4
BRF:0
BRH:0
end_of_record
TN:
SF:src/store/reducers/cardValueSlice.ts
FN:22,(anonymous_0)
FNF:1
FNH:0
FNDA:0,(anonymous_0)
DA:1,5
DA:8,5
DA:18,5
DA:23,0
DA:24,0
DA:25,0
DA:26,0
DA:27,0
DA:32,5
DA:34,5
LF:10
LH:5
BRDA:25,0,0,0
BRDA:25,0,1,0
BRF:2
BRH:0
end_of_record
TN:
SF:src/store/reducers/cardsFlagValueSlice.ts
FN:15,(anonymous_0)
FNF:1
FNH:1
FNDA:2,(anonymous_0)
DA:1,6
DA:7,6
DA:11,6
DA:16,2
DA:21,6
DA:23,6
LF:6
LH:6
BRF:0
BRH:0
end_of_record
TN:
SF:src/store/reducers/limitValueSlice.ts
FN:16,(anonymous_0)
FNF:1
FNH:0
FNDA:0,(anonymous_0)
DA:1,6
DA:2,6
DA:8,6
DA:12,6
DA:17,0
DA:22,6
DA:24,6
LF:7
LH:6
BRF:0
BRH:0
end_of_record
TN:
SF:src/store/reducers/pageValueSlice.ts
FN:16,(anonymous_0)
FNF:1
FNH:1
FNDA:1,(anonymous_0)
DA:1,6
DA:2,6
DA:8,6
DA:12,6
DA:17,1
DA:22,6
DA:24,6
LF:7
LH:7
BRF:0
BRH:0
end_of_record
TN:
SF:src/store/reducers/searchValueSlice.ts
FN:15,(anonymous_0)
FNF:1
FNH:0
FNDA:0,(anonymous_0)
DA:1,6
DA:7,6
DA:11,6
DA:16,0
DA:21,6
DA:23,6
LF:6
LH:5
BRF:0
BRH:0
end_of_record
TN:
SF:src/utils/test-utils.tsx
FN:16,renderWithProviders
FN:25,Wrapper
FNF:2
FNH:2
FNDA:10,renderWithProviders
FNDA:10,Wrapper
DA:2,5
DA:5,5
DA:6,5
DA:8,5
DA:9,5
DA:16,5
DA:24,10
DA:26,10
DA:33,10
LF:9
LH:9
BRDA:18,0,0,1
BRDA:19,1,0,10
BRDA:20,2,0,1
BRF:3
BRH:3
end_of_record
