TN:
SF:src/App.tsx
FN:13,(anonymous_7)
FN:33,(anonymous_8)
FN:42,(anonymous_9)
FN:43,fetchData
FNF:4
FNH:0
FNDA:0,(anonymous_7)
FNDA:0,(anonymous_8)
FNDA:0,(anonymous_9)
FNDA:0,fetchData
DA:1,6
DA:2,6
DA:3,6
DA:4,6
DA:5,6
DA:6,6
DA:7,6
DA:8,6
DA:11,6
DA:13,6
DA:14,0
DA:17,0
DA:18,0
DA:19,0
DA:22,0
DA:25,0
DA:28,0
DA:30,0
DA:31,0
DA:33,0
DA:34,0
DA:42,0
DA:44,0
DA:46,0
DA:47,0
DA:49,0
DA:50,0
DA:51,0
DA:53,0
DA:57,0
DA:90,6
LF:31
LH:11
BRDA:15,0,0,0
BRDA:15,0,1,0
BRDA:20,1,0,0
BRDA:20,1,1,0
BRDA:23,2,0,0
BRDA:23,2,1,0
BRDA:26,3,0,0
BRDA:26,3,1,0
BRF:8
BRH:0
end_of_record
TN:
SF:src/api/getCards.ts
FN:3,getCards
FN:18,(anonymous_1)
FNF:2
FNH:0
FNDA:0,getCards
FNDA:0,(anonymous_1)
DA:3,6
DA:6,0
DA:7,0
DA:9,0
DA:10,0
DA:11,0
DA:13,0
DA:14,0
DA:16,0
DA:18,0
DA:19,0
DA:26,0
DA:29,0
LF:13
LH:1
BRF:0
BRH:0
end_of_record
TN:
SF:src/api/getDetailedCard.ts
FN:3,getCardById
FNF:1
FNH:0
FNDA:0,getCardById
DA:3,6
DA:4,0
DA:6,0
DA:7,0
DA:8,0
DA:9,0
DA:10,0
DA:31,0
DA:34,0
LF:9
LH:1
BRF:0
BRH:0
end_of_record
TN:
SF:src/components/card/card.tsx
FN:7,(anonymous_0)
FN:12,(anonymous_1)
FNF:2
FNH:1
FNDA:7,(anonymous_0)
FNDA:0,(anonymous_1)
DA:1,6
DA:2,6
DA:3,6
DA:4,6
DA:7,6
DA:8,7
DA:9,7
DA:10,7
DA:12,7
DA:13,0
DA:14,0
DA:15,0
DA:16,0
DA:17,0
DA:18,0
DA:21,7
DA:31,6
LF:17
LH:11
BRF:0
BRH:0
end_of_record
TN:
SF:src/components/cards/cards.tsx
FN:8,(anonymous_1)
FN:12,(anonymous_2)
FN:15,(anonymous_3)
FNF:3
FNH:3
FNDA:3,(anonymous_1)
FNDA:3,(anonymous_2)
FNDA:4,(anonymous_3)
DA:1,6
DA:2,6
DA:3,6
DA:4,6
DA:5,6
DA:6,6
DA:8,6
DA:9,3
DA:10,3
DA:12,3
DA:13,3
DA:16,4
DA:17,4
DA:34,3
DA:35,0
DA:51,3
DA:54,6
LF:17
LH:16
BRDA:13,0,0,2
BRDA:13,0,1,1
BRDA:34,1,0,0
BRF:3
BRH:2
end_of_record
TN:
SF:src/components/details/details.tsx
FN:12,(anonymous_0)
FN:18,(anonymous_1)
FNF:2
FNH:2
FNDA:4,(anonymous_0)
FNDA:1,(anonymous_1)
DA:1,1
DA:2,1
DA:3,1
DA:8,1
DA:10,1
DA:12,1
DA:13,4
DA:14,4
DA:15,4
DA:16,4
DA:18,4
DA:19,1
DA:20,1
DA:21,1
DA:24,4
DA:57,1
LF:16
LH:16
BRDA:24,0,0,1
BRDA:24,0,1,3
BRF:2
BRH:2
end_of_record
TN:
SF:src/components/dropdown/dropdown.tsx
FN:6,(anonymous_0)
FN:16,(anonymous_1)
FN:30,(anonymous_2)
FNF:3
FNH:2
FNDA:2,(anonymous_0)
FNDA:0,(anonymous_1)
FNDA:4,(anonymous_2)
DA:1,6
DA:2,6
DA:3,6
DA:6,6
DA:7,2
DA:9,2
DA:10,2
DA:12,2
DA:17,0
DA:18,0
DA:19,0
DA:20,0
DA:21,0
DA:26,0
DA:27,0
DA:31,4
DA:39,6
LF:17
LH:10
BRF:0
BRH:0
end_of_record
TN:
SF:src/components/error-button/errorButton.tsx
FN:3,(anonymous_0)
FN:13,(anonymous_1)
FNF:2
FNH:1
FNDA:3,(anonymous_0)
FNDA:0,(anonymous_1)
DA:1,6
DA:3,6
DA:4,3
DA:6,3
DA:7,0
DA:10,3
DA:14,0
DA:22,6
LF:8
LH:6
BRDA:6,0,0,0
BRF:1
BRH:0
end_of_record
TN:
SF:src/components/error-page/errorPage.tsx
FN:3,(anonymous_0)
FNF:1
FNH:1
FNDA:1,(anonymous_0)
DA:3,1
DA:4,1
DA:7,1
LF:3
LH:3
BRF:0
BRH:0
end_of_record
TN:
SF:src/components/pages/pages.tsx
FN:7,(anonymous_1)
FN:23,(anonymous_2)
FN:38,(anonymous_3)
FN:57,(anonymous_4)
FN:74,(anonymous_5)
FNF:5
FNH:2
FNDA:2,(anonymous_1)
FNDA:0,(anonymous_2)
FNDA:0,(anonymous_3)
FNDA:1,(anonymous_4)
FNDA:0,(anonymous_5)
DA:1,6
DA:2,6
DA:3,6
DA:4,6
DA:5,6
DA:7,6
DA:8,2
DA:10,2
DA:11,2
DA:12,2
DA:14,2
DA:15,0
DA:18,2
DA:24,0
DA:25,0
DA:30,0
DA:39,0
DA:40,0
DA:41,0
DA:46,0
DA:58,1
DA:59,1
DA:60,1
DA:65,1
DA:75,0
DA:76,0
DA:81,0
DA:93,6
LF:28
LH:17
BRDA:14,0,0,0
BRDA:39,1,0,0
BRDA:58,2,0,1
BRF:3
BRH:1
end_of_record
TN:
SF:src/components/search/search.tsx
FN:7,(anonymous_1)
FN:12,(anonymous_2)
FNF:2
FNH:2
FNDA:3,(anonymous_1)
FNDA:1,(anonymous_2)
DA:1,6
DA:2,6
DA:3,6
DA:4,6
DA:5,6
DA:7,6
DA:8,3
DA:9,3
DA:10,3
DA:12,3
DA:13,1
DA:14,1
DA:15,1
DA:16,1
DA:17,1
DA:25,3
DA:50,6
LF:17
LH:17
BRDA:13,0,0,1
BRDA:34,1,0,3
BRDA:34,1,1,3
BRF:3
BRH:3
end_of_record
TN:
SF:src/context/context.ts
FNF:0
FNH:0
DA:1,6
DA:4,6
LF:2
LH:2
BRF:0
BRH:0
end_of_record
